<?xml version="1.0" encoding="UTF-8"?>
<testng-results skipped="0" failed="0" ignored="0" total="1" passed="1">
  <reporter-output>
  </reporter-output>
  <suite name="Default suite" duration-ms="37759" started-at="2019-11-30T10:45:22 IST" finished-at="2019-11-30T10:46:00 IST">
    <groups>
    </groups>
    <test name="Default test" duration-ms="37759" started-at="2019-11-30T10:45:22 IST" finished-at="2019-11-30T10:46:00 IST">
      <class name="org.techAltum.com.TC04">
        <test-method status="PASS" signature="openBrowser()[pri:0, instance:org.techAltum.com.TC04@eb21112]" name="openBrowser" is-config="true" duration-ms="9525" started-at="2019-11-30T10:45:22 IST" finished-at="2019-11-30T10:45:31 IST">
          <reporter-output>
          </reporter-output>
        </test-method> <!-- openBrowser -->
        <test-method status="PASS" signature="testCase04()[pri:0, instance:org.techAltum.com.TC04@eb21112]" name="testCase04" duration-ms="28151" started-at="2019-11-30T10:45:31 IST" finished-at="2019-11-30T10:46:00 IST">
          <reporter-output>
          </reporter-output>
        </test-method> <!-- testCase04 -->
        <test-method status="PASS" signature="quitBrowser()[pri:0, instance:org.techAltum.com.TC04@eb21112]" name="quitBrowser" is-config="true" duration-ms="1" started-at="2019-11-30T10:46:00 IST" finished-at="2019-11-30T10:46:00 IST">
          <reporter-output>
          </reporter-output>
        </test-method> <!-- quitBrowser -->
      </class> <!-- org.techAltum.com.TC04 -->
    </test> <!-- Default test -->
  </suite> <!-- Default suite -->
</testng-results>
